platforms/android/app/build/outputs/logs/manifest-merger-debug-report.txt
-- Merging decision tree log ---
provider#com.oinio.cordova.plugin.FileProvider
INJECTED from android/app/AndroidManifest.xml:27:9-29:20
	android:grantUriPermissions
		ADDED from android/app/AndroidManifest.xml:27:112-146
	android:authorities
		INJECTED from android/app/AndroidManifest.xml
		ADDED from android/app/AndroidManifest.xml:27:19-86
	android:exported
		ADDED from android/app/AndroidManifest.xml:27:87-111
	android:name
		ADDED from android/app/AndroidManifest.xml:27:147-199
provider#android.support.v4.content.FileProvider
INJECTED from android/app/AndroidManifest.xml:30:9-32:20
	android:grantUriPermissions
		ADDED from android/app/AndroidManifest.xml:30:92-126
	android:authorities
		INJECTED from android/app/AndroidManifest.xml
		ADDED from android/app/AndroidManifest.xml:30:19-66
	android:exported
		ADDED from android/app/AndroidManifest.xml:30:67-91
	android:name
		ADDED from android/app/AndroidManifest.xml:30:127-181
category#com.capgemini.lindetruck.pda
INJECTED from android/app/AndroidManifest.xml:38:17-61
	android:name
		INJECTED from android/app/AndroidManifest.xml
		ADDED from android/app/AndroidManifest.xml:38:27-58
uses-permission#com.capgemini.lindetruck.pda.permission.C2D_MESSAGE
INJECTED from android/app/AndroidManifest.xml:63:5-79
	android:name
		INJECTED from android/app/AndroidManifest.xml
		ADDED from android/app/AndroidManifest.xml:63:22-76
permission#com.capgemini.lindetruck.pda.permission.C2D_MESSAGE
INJECTED from android/app/AndroidManifest.xml:64:5-110
	android:protectionLevel
		ADDED from android/app/AndroidManifest.xml:64:72-107
	android:name
		INJECTED from android/app/AndroidManifest.xml
		ADDED from android/app/AndroidManifest.xml:64:17-71
manifest
ADDED from android/app/AndroidManifest.xml:2:1-65:12
INJECTED from android/app/AndroidManifest.xml:2:1-65:12
INJECTED from android/app/AndroidManifest.xml:2:1-65:12
INJECTED from android/app/AndroidManifest.xml:2:1-65:12
MERGED from [:SalesforceHybrid] AndroidManifest.xml:2:1-13:12
MERGED from [com.android.support:support-v13:23.4.0] AndroidManifest.xml:17:1-24:12
MERGED from [:SmartSync] AndroidManifest.xml:2:1-13:12
MERGED from [:SmartStore] AndroidManifest.xml:2:1-20:12
MERGED from [:SalesforceSDK] AndroidManifest.xml:2:1-147:12
MERGED from [com.google.android.gms:play-services-gcm:11.8.0] AndroidManifest.xml:17:1-28:12
MERGED from [com.google.android.gms:play-services-iid:11.8.0] AndroidManifest.xml:17:1-28:12
MERGED from [com.google.android.gms:play-services-base:11.8.0] AndroidManifest.xml:17:1-29:12
MERGED from [com.google.android.gms:play-services-tasks:11.8.0] AndroidManifest.xml:2:1-9:12
MERGED from [com.google.android.gms:play-services-basement:11.8.0] AndroidManifest.xml:17:1-28:12
MERGED from [com.android.support:support-v4:27.1.0] AndroidManifest.xml:17:1-22:12
MERGED from [me.leolin:ShortcutBadger:1.1.4] AndroidManifest.xml:2:1-35:12
MERGED from [org.apache.cordova:framework:7.0.0] AndroidManifest.xml:20:1-27:12
MERGED from [net.zetetic:android-database-sqlcipher:3.5.7] AndroidManifest.xml:2:1-4:12
MERGED from [:SalesforceAnalytics] AndroidManifest.xml:2:1-16:12
MERGED from [com.android.support:customtabs:25.2.0] AndroidManifest.xml:17:1-24:12
MERGED from [com.android.support:support-media-compat:27.1.0] AndroidManifest.xml:17:1-22:12
MERGED from [com.android.support:support-fragment:27.1.0] AndroidManifest.xml:17:1-22:12
MERGED from [com.android.support:support-core-ui:27.1.0] AndroidManifest.xml:17:1-22:12
MERGED from [com.android.support:support-core-utils:27.1.0] AndroidManifest.xml:17:1-22:12
MERGED from [com.android.support:support-compat:27.1.0] AndroidManifest.xml:17:1-22:12
MERGED from [android.arch.lifecycle:livedata-core:1.1.0] AndroidManifest.xml:17:1-22:12
MERGED from [android.arch.lifecycle:viewmodel:1.1.0] AndroidManifest.xml:17:1-22:12
MERGED from [android.arch.lifecycle:runtime:1.1.0] AndroidManifest.xml:17:1-22:12
MERGED from [android.arch.core:runtime:1.1.0] AndroidManifest.xml:17:1-22:12
MERGED from [com.google.android.gms:play-services-gcm-license:11.8.0] AndroidManifest.xml:2:1-6:12
MERGED from [com.google.android.gms:play-services-base-license:11.8.0] AndroidManifest.xml:2:1-6:12
MERGED from [com.google.android.gms:play-services-basement-license:11.8.0] AndroidManifest.xml:2:1-6:12
MERGED from [com.google.android.gms:play-services-iid-license:11.8.0] AndroidManifest.xml:2:1-6:12
MERGED from [com.google.android.gms:play-services-tasks-license:11.8.0] AndroidManifest.xml:2:1-6:12
INJECTED from android/app/AndroidManifest.xml:2:1-65:12
INJECTED from android/app/AndroidManifest.xml:2:1-65:12
INJECTED from android/app/AndroidManifest.xml:2:1-65:12
	package
		ADDED from android/app/AndroidManifest.xml:2:102-140
		INJECTED from android/app/AndroidManifest.xml
		INJECTED from android/app/AndroidManifest.xml
	android:versionName
		ADDED from android/app/AndroidManifest.xml:2:74-101
		INJECTED from android/app/AndroidManifest.xml
		INJECTED from android/app/AndroidManifest.xml
	android:hardwareAccelerated
		ADDED from android/app/AndroidManifest.xml:2:11-45
	xmlns:android
		ADDED from android/app/AndroidManifest.xml:2:141-199
	android:versionCode
		ADDED from android/app/AndroidManifest.xml:2:46-73
		INJECTED from android/app/AndroidManifest.xml
		INJECTED from android/app/AndroidManifest.xml
supports-screens
ADDED from android/app/AndroidManifest.xml:3:5-191
	android:largeScreens
		ADDED from android/app/AndroidManifest.xml:3:49-76
	android:smallScreens
		ADDED from android/app/AndroidManifest.xml:3:132-159
	android:normalScreens
		ADDED from android/app/AndroidManifest.xml:3:77-105
	android:xlargeScreens
		ADDED from android/app/AndroidManifest.xml:3:160-188
	android:resizeable
		ADDED from android/app/AndroidManifest.xml:3:106-131
	android:anyDensity
		ADDED from android/app/AndroidManifest.xml:3:23-48
uses-permission#android.permission.INTERNET
ADDED from android/app/AndroidManifest.xml:4:5-67
MERGED from [com.google.android.gms:play-services-gcm:11.8.0] AndroidManifest.xml:24:5-67
MERGED from [com.google.android.gms:play-services-gcm:11.8.0] AndroidManifest.xml:24:5-67
MERGED from [com.google.android.gms:play-services-iid:11.8.0] AndroidManifest.xml:24:5-67
MERGED from [com.google.android.gms:play-services-iid:11.8.0] AndroidManifest.xml:24:5-67
MERGED from [:SalesforceAnalytics] AndroidManifest.xml:11:5-67
MERGED from [:SalesforceAnalytics] AndroidManifest.xml:11:5-67
	android:name
		ADDED from android/app/AndroidManifest.xml:4:22-64
application
ADDED from android/app/AndroidManifest.xml:5:5-52:19
MERGED from [:SalesforceHybrid] AndroidManifest.xml:11:5-20
MERGED from [:SalesforceHybrid] AndroidManifest.xml:11:5-20
MERGED from [com.android.support:support-v13:23.4.0] AndroidManifest.xml:22:5-20
MERGED from [com.android.support:support-v13:23.4.0] AndroidManifest.xml:22:5-20
MERGED from [:SmartSync] AndroidManifest.xml:11:5-20
MERGED from [:SmartSync] AndroidManifest.xml:11:5-20
MERGED from [:SmartStore] AndroidManifest.xml:11:5-18:19
MERGED from [:SmartStore] AndroidManifest.xml:11:5-18:19
MERGED from [:SalesforceSDK] AndroidManifest.xml:21:5-145:19
MERGED from [:SalesforceSDK] AndroidManifest.xml:21:5-145:19
MERGED from [com.google.android.gms:play-services-gcm:11.8.0] AndroidManifest.xml:26:5-20
MERGED from [com.google.android.gms:play-services-gcm:11.8.0] AndroidManifest.xml:26:5-20
MERGED from [com.google.android.gms:play-services-iid:11.8.0] AndroidManifest.xml:26:5-20
MERGED from [com.google.android.gms:play-services-iid:11.8.0] AndroidManifest.xml:26:5-20
MERGED from [com.google.android.gms:play-services-base:11.8.0] AndroidManifest.xml:22:5-27:19
MERGED from [com.google.android.gms:play-services-base:11.8.0] AndroidManifest.xml:22:5-27:19
MERGED from [com.google.android.gms:play-services-tasks:11.8.0] AndroidManifest.xml:7:5-20
MERGED from [com.google.android.gms:play-services-tasks:11.8.0] AndroidManifest.xml:7:5-20
MERGED from [com.google.android.gms:play-services-basement:11.8.0] AndroidManifest.xml:22:5-26:19
MERGED from [com.google.android.gms:play-services-basement:11.8.0] AndroidManifest.xml:22:5-26:19
MERGED from [:SalesforceAnalytics] AndroidManifest.xml:14:5-20
MERGED from [:SalesforceAnalytics] AndroidManifest.xml:14:5-20
MERGED from [com.android.support:customtabs:25.2.0] AndroidManifest.xml:22:5-20
MERGED from [com.android.support:customtabs:25.2.0] AndroidManifest.xml:22:5-20
MERGED from [com.google.android.gms:play-services-gcm-license:11.8.0] AndroidManifest.xml:5:5-20
MERGED from [com.google.android.gms:play-services-gcm-license:11.8.0] AndroidManifest.xml:5:5-20
MERGED from [com.google.android.gms:play-services-base-license:11.8.0] AndroidManifest.xml:5:5-20
MERGED from [com.google.android.gms:play-services-base-license:11.8.0] AndroidManifest.xml:5:5-20
MERGED from [com.google.android.gms:play-services-basement-license:11.8.0] AndroidManifest.xml:5:5-20
MERGED from [com.google.android.gms:play-services-basement-license:11.8.0] AndroidManifest.xml:5:5-20
MERGED from [com.google.android.gms:play-services-iid-license:11.8.0] AndroidManifest.xml:5:5-20
MERGED from [com.google.android.gms:play-services-iid-license:11.8.0] AndroidManifest.xml:5:5-20
MERGED from [com.google.android.gms:play-services-tasks-license:11.8.0] AndroidManifest.xml:5:5-20
MERGED from [com.google.android.gms:play-services-tasks-license:11.8.0] AndroidManifest.xml:5:5-20
	android:supportsRtl
		ADDED from android/app/AndroidManifest.xml:5:257-283
	android:label
		ADDED from android/app/AndroidManifest.xml:5:81-113
	android:hardwareAccelerated
		ADDED from android/app/AndroidManifest.xml:5:18-52
	android:manageSpaceActivity
		ADDED from android/app/AndroidManifest.xml:5:114-192
	android:icon
		ADDED from android/app/AndroidManifest.xml:5:53-80
	android:name
		ADDED from android/app/AndroidManifest.xml:5:193-256
activity#com.salesforce.androidsdk.phonegap.ui.SalesforceDroidGapActivity
ADDED from android/app/AndroidManifest.xml:6:9-11:20
	android:label
		ADDED from android/app/AndroidManifest.xml:6:97-129
	android:launchMode
		ADDED from android/app/AndroidManifest.xml:6:130-160
	android:windowSoftInputMode
		ADDED from android/app/AndroidManifest.xml:6:295-337
	android:configChanges
		ADDED from android/app/AndroidManifest.xml:6:19-96
	android:theme
		ADDED from android/app/AndroidManifest.xml:6:241-294
	android:name
		ADDED from android/app/AndroidManifest.xml:6:161-240
intent-filter#android.intent.action.MAIN+android.intent.category.LAUNCHER
ADDED from android/app/AndroidManifest.xml:7:13-10:29
	android:label
		ADDED from android/app/AndroidManifest.xml:7:28-65
action#android.intent.action.MAIN
ADDED from android/app/AndroidManifest.xml:8:17-69
	android:name
		ADDED from android/app/AndroidManifest.xml:8:25-66
category#android.intent.category.LAUNCHER
ADDED from android/app/AndroidManifest.xml:9:17-77
	android:name
		ADDED from android/app/AndroidManifest.xml:9:27-74
receiver#cordova.plugins.Diagnostic$LocationProviderChangedReceiver
ADDED from android/app/AndroidManifest.xml:12:9-16:20
	android:name
		ADDED from android/app/AndroidManifest.xml:12:19-92
intent-filter#android.location.PROVIDERS_CHANGED
ADDED from android/app/AndroidManifest.xml:13:13-15:29
action#android.location.PROVIDERS_CHANGED
ADDED from android/app/AndroidManifest.xml:14:17-77
	android:name
		ADDED from android/app/AndroidManifest.xml:14:25-74
receiver#cordova.plugins.Diagnostic$NFCStateChangedReceiver
ADDED from android/app/AndroidManifest.xml:17:9-21:20
	android:name
		ADDED from android/app/AndroidManifest.xml:17:19-84
intent-filter#android.nfc.action.ADAPTER_STATE_CHANGED
ADDED from android/app/AndroidManifest.xml:18:13-20:29
action#android.nfc.action.ADAPTER_STATE_CHANGED
ADDED from android/app/AndroidManifest.xml:19:17-83
	android:name
		ADDED from android/app/AndroidManifest.xml:19:25-80
service#com.linde.scapp.SCService
ADDED from android/app/AndroidManifest.xml:22:9-26:19
	android:name
		ADDED from android/app/AndroidManifest.xml:22:18-58
intent-filter#com.linde.scapp.SCService
ADDED from android/app/AndroidManifest.xml:23:13-25:29
action#com.linde.scapp.SCService
ADDED from android/app/AndroidManifest.xml:24:17-68
	android:name
		ADDED from android/app/AndroidManifest.xml:24:25-65
activity#com.adobe.phonegap.push.PushHandlerActivity
ADDED from android/app/AndroidManifest.xml:33:9-104
	android:exported
		ADDED from android/app/AndroidManifest.xml:33:19-42
	android:name
		ADDED from android/app/AndroidManifest.xml:33:43-101
receiver#com.adobe.phonegap.push.BackgroundActionButtonHandler
ADDED from android/app/AndroidManifest.xml:34:9-90
	android:name
		ADDED from android/app/AndroidManifest.xml:34:19-87
receiver#com.google.android.gms.gcm.GcmReceiver
ADDED from android/app/AndroidManifest.xml:35:9-40:20
MERGED from [:SalesforceSDK] AndroidManifest.xml:105:9-114:20
MERGED from [:SalesforceSDK] AndroidManifest.xml:105:9-114:20
	android:exported
		ADDED from android/app/AndroidManifest.xml:35:19-42
	android:permission
		ADDED from android/app/AndroidManifest.xml:35:97-157
	android:name
		ADDED from android/app/AndroidManifest.xml:35:43-96
intent-filter#com.capgemini.lindetruck.pda+com.google.android.c2dm.intent.RECEIVE
ADDED from android/app/AndroidManifest.xml:36:13-39:29
action#com.google.android.c2dm.intent.RECEIVE
ADDED from android/app/AndroidManifest.xml:37:17-81
	android:name
		ADDED from android/app/AndroidManifest.xml:37:25-78
service#com.adobe.phonegap.push.GCMIntentService
ADDED from android/app/AndroidManifest.xml:41:9-45:19
	android:exported
		ADDED from android/app/AndroidManifest.xml:41:18-42
	android:name
		ADDED from android/app/AndroidManifest.xml:41:43-98
intent-filter#com.google.android.c2dm.intent.RECEIVE
ADDED from android/app/AndroidManifest.xml:42:13-44:29
service#com.adobe.phonegap.push.PushInstanceIDListenerService
ADDED from android/app/AndroidManifest.xml:46:9-50:19
	android:exported
		ADDED from android/app/AndroidManifest.xml:46:18-42
	android:name
		ADDED from android/app/AndroidManifest.xml:46:43-111
intent-filter#com.google.android.gms.iid.InstanceID
ADDED from android/app/AndroidManifest.xml:47:13-49:29
action#com.google.android.gms.iid.InstanceID
ADDED from android/app/AndroidManifest.xml:48:17-80
	android:name
		ADDED from android/app/AndroidManifest.xml:48:25-77
service#com.adobe.phonegap.push.RegistrationIntentService
ADDED from android/app/AndroidManifest.xml:51:9-110
	android:exported
		ADDED from android/app/AndroidManifest.xml:51:18-42
	android:name
		ADDED from android/app/AndroidManifest.xml:51:43-107
uses-sdk
ADDED from android/app/AndroidManifest.xml:53:5-74
INJECTED from android/app/AndroidManifest.xml:53:5-74
MERGED from [:SalesforceHybrid] AndroidManifest.xml:7:5-9:41
MERGED from [:SalesforceHybrid] AndroidManifest.xml:7:5-9:41
MERGED from [com.android.support:support-v13:23.4.0] AndroidManifest.xml:20:5-44
MERGED from [com.android.support:support-v13:23.4.0] AndroidManifest.xml:20:5-44
MERGED from [:SmartSync] AndroidManifest.xml:7:5-9:41
MERGED from [:SmartSync] AndroidManifest.xml:7:5-9:41
MERGED from [:SmartStore] AndroidManifest.xml:7:5-9:41
MERGED from [:SmartStore] AndroidManifest.xml:7:5-9:41
MERGED from [:SalesforceSDK] AndroidManifest.xml:7:5-9:41
MERGED from [:SalesforceSDK] AndroidManifest.xml:7:5-9:41
MERGED from [com.google.android.gms:play-services-gcm:11.8.0] AndroidManifest.xml:20:5-44
MERGED from [com.google.android.gms:play-services-gcm:11.8.0] AndroidManifest.xml:20:5-44
MERGED from [com.google.android.gms:play-services-iid:11.8.0] AndroidManifest.xml:20:5-44
MERGED from [com.google.android.gms:play-services-iid:11.8.0] AndroidManifest.xml:20:5-44
MERGED from [com.google.android.gms:play-services-base:11.8.0] AndroidManifest.xml:20:5-44
MERGED from [com.google.android.gms:play-services-base:11.8.0] AndroidManifest.xml:20:5-44
MERGED from [com.google.android.gms:play-services-tasks:11.8.0] AndroidManifest.xml:5:5-44
MERGED from [com.google.android.gms:play-services-tasks:11.8.0] AndroidManifest.xml:5:5-44
MERGED from [com.google.android.gms:play-services-basement:11.8.0] AndroidManifest.xml:20:5-44
MERGED from [com.google.android.gms:play-services-basement:11.8.0] AndroidManifest.xml:20:5-44
MERGED from [com.android.support:support-v4:27.1.0] AndroidManifest.xml:20:5-44
MERGED from [com.android.support:support-v4:27.1.0] AndroidManifest.xml:20:5-44
MERGED from [me.leolin:ShortcutBadger:1.1.4] AndroidManifest.xml:7:5-9:41
MERGED from [me.leolin:ShortcutBadger:1.1.4] AndroidManifest.xml:7:5-9:41
MERGED from [org.apache.cordova:framework:7.0.0] AndroidManifest.xml:25:5-44
MERGED from [org.apache.cordova:framework:7.0.0] AndroidManifest.xml:25:5-44
MERGED from [net.zetetic:android-database-sqlcipher:3.5.7] AndroidManifest.xml:3:3-40
MERGED from [net.zetetic:android-database-sqlcipher:3.5.7] AndroidManifest.xml:3:3-40
MERGED from [:SalesforceAnalytics] AndroidManifest.xml:7:5-9:41
MERGED from [:SalesforceAnalytics] AndroidManifest.xml:7:5-9:41
MERGED from [com.android.support:customtabs:25.2.0] AndroidManifest.xml:20:5-44
MERGED from [com.android.support:customtabs:25.2.0] AndroidManifest.xml:20:5-44
MERGED from [com.android.support:support-media-compat:27.1.0] AndroidManifest.xml:20:5-44
MERGED from [com.android.support:support-media-compat:27.1.0] AndroidManifest.xml:20:5-44
MERGED from [com.android.support:support-fragment:27.1.0] AndroidManifest.xml:20:5-44
MERGED from [com.android.support:support-fragment:27.1.0] AndroidManifest.xml:20:5-44
MERGED from [com.android.support:support-core-ui:27.1.0] AndroidManifest.xml:20:5-44
MERGED from [com.android.support:support-core-ui:27.1.0] AndroidManifest.xml:20:5-44
MERGED from [com.android.support:support-core-utils:27.1.0] AndroidManifest.xml:20:5-44
MERGED from [com.android.support:support-core-utils:27.1.0] AndroidManifest.xml:20:5-44
MERGED from [com.android.support:support-compat:27.1.0] AndroidManifest.xml:20:5-44
MERGED from [com.android.support:support-compat:27.1.0] AndroidManifest.xml:20:5-44
MERGED from [android.arch.lifecycle:livedata-core:1.1.0] AndroidManifest.xml:20:5-44
MERGED from [android.arch.lifecycle:livedata-core:1.1.0] AndroidManifest.xml:20:5-44
MERGED from [android.arch.lifecycle:viewmodel:1.1.0] AndroidManifest.xml:20:5-44
MERGED from [android.arch.lifecycle:viewmodel:1.1.0] AndroidManifest.xml:20:5-44
MERGED from [android.arch.lifecycle:runtime:1.1.0] AndroidManifest.xml:20:5-44
MERGED from [android.arch.lifecycle:runtime:1.1.0] AndroidManifest.xml:20:5-44
MERGED from [android.arch.core:runtime:1.1.0] AndroidManifest.xml:20:5-44
MERGED from [android.arch.core:runtime:1.1.0] AndroidManifest.xml:20:5-44
MERGED from [com.google.android.gms:play-services-gcm-license:11.8.0] AndroidManifest.xml:4:5-43
MERGED from [com.google.android.gms:play-services-gcm-license:11.8.0] AndroidManifest.xml:4:5-43
MERGED from [com.google.android.gms:play-services-base-license:11.8.0] AndroidManifest.xml:4:5-43
MERGED from [com.google.android.gms:play-services-base-license:11.8.0] AndroidManifest.xml:4:5-43
MERGED from [com.google.android.gms:play-services-basement-license:11.8.0] AndroidManifest.xml:4:5-43
MERGED from [com.google.android.gms:play-services-basement-license:11.8.0] AndroidManifest.xml:4:5-43
MERGED from [com.google.android.gms:play-services-iid-license:11.8.0] AndroidManifest.xml:4:5-43
MERGED from [com.google.android.gms:play-services-iid-license:11.8.0] AndroidManifest.xml:4:5-43
MERGED from [com.google.android.gms:play-services-tasks-license:11.8.0] AndroidManifest.xml:4:5-43
MERGED from [com.google.android.gms:play-services-tasks-license:11.8.0] AndroidManifest.xml:4:5-43
INJECTED from android/app/AndroidManifest.xml:53:5-74
	android:targetSdkVersion
		ADDED from android/app/AndroidManifest.xml:53:42-71
	android:minSdkVersion
		ADDED from android/app/AndroidManifest.xml:53:15-41
		INJECTED from android/app/AndroidManifest.xml
		INJECTED from android/app/AndroidManifest.xml
uses-permission#android.permission.BLUETOOTH
ADDED from android/app/AndroidManifest.xml:54:5-68
	android:name
		ADDED from android/app/AndroidManifest.xml:54:22-65
uses-permission#android.permission.BLUETOOTH_ADMIN
ADDED from android/app/AndroidManifest.xml:55:5-74
	android:name
		ADDED from android/app/AndroidManifest.xml:55:22-71
uses-permission#android.permission.ACCESS_COARSE_LOCATION
ADDED from android/app/AndroidManifest.xml:56:5-81
	android:name
		ADDED from android/app/AndroidManifest.xml:56:22-78
uses-permission#android.permission.WRITE_EXTERNAL_STORAGE
ADDED from android/app/AndroidManifest.xml:57:5-81
	android:name
		ADDED from android/app/AndroidManifest.xml:57:22-78
uses-permission#android.permission.ACCESS_NETWORK_STATE
ADDED from android/app/AndroidManifest.xml:58:5-79
MERGED from [:SalesforceAnalytics] AndroidManifest.xml:12:5-79
MERGED from [:SalesforceAnalytics] AndroidManifest.xml:12:5-79
	android:name
		ADDED from android/app/AndroidManifest.xml:58:22-76
uses-permission#android.permission.READ_EXTERNAL_STORAGE
ADDED from android/app/AndroidManifest.xml:59:5-80
	android:name
		ADDED from android/app/AndroidManifest.xml:59:22-77
uses-permission#android.permission.WAKE_LOCK
ADDED from android/app/AndroidManifest.xml:60:5-68
MERGED from [:SalesforceSDK] AndroidManifest.xml:15:5-68
MERGED from [:SalesforceSDK] AndroidManifest.xml:15:5-68
	android:name
		ADDED from android/app/AndroidManifest.xml:60:22-65
uses-permission#android.permission.VIBRATE
ADDED from android/app/AndroidManifest.xml:61:5-66
	android:name
		ADDED from android/app/AndroidManifest.xml:61:22-63
uses-permission#com.google.android.c2dm.permission.RECEIVE
ADDED from android/app/AndroidManifest.xml:62:5-82
MERGED from [:SalesforceSDK] AndroidManifest.xml:16:5-82
MERGED from [:SalesforceSDK] AndroidManifest.xml:16:5-82
MERGED from [com.google.android.gms:play-services-gcm:11.8.0] AndroidManifest.xml:23:5-82
MERGED from [com.google.android.gms:play-services-gcm:11.8.0] AndroidManifest.xml:23:5-82
MERGED from [com.google.android.gms:play-services-iid:11.8.0] AndroidManifest.xml:23:5-82
MERGED from [com.google.android.gms:play-services-iid:11.8.0] AndroidManifest.xml:23:5-82
	android:name
		ADDED from android/app/AndroidManifest.xml:62:22-79
meta-data#android.support.FILE_PROVIDER_PATHS
ADDED from android/app/AndroidManifest.xml:28:13-126
	android:resource
		ADDED from android/app/AndroidManifest.xml:28:75-123
	android:name
		ADDED from android/app/AndroidManifest.xml:28:24-74
activity#com.salesforce.androidsdk.smartstore.ui.SmartStoreInspectorActivity
ADDED from [:SmartStore] AndroidManifest.xml:14:9-17:67
	android:exported
		ADDED from [:SmartStore] AndroidManifest.xml:16:13-37
	android:theme
		ADDED from [:SmartStore] AndroidManifest.xml:17:13-64
	android:name
		ADDED from [:SmartStore] AndroidManifest.xml:15:13-95
uses-permission#android.permission.AUTHENTICATE_ACCOUNTS
ADDED from [:SalesforceSDK] AndroidManifest.xml:11:5-80
	android:name
		ADDED from [:SalesforceSDK] AndroidManifest.xml:11:22-77
uses-permission#android.permission.GET_ACCOUNTS
ADDED from [:SalesforceSDK] AndroidManifest.xml:12:5-71
	android:name
		ADDED from [:SalesforceSDK] AndroidManifest.xml:12:22-68
uses-permission#android.permission.MANAGE_ACCOUNTS
ADDED from [:SalesforceSDK] AndroidManifest.xml:13:5-74
	android:name
		ADDED from [:SalesforceSDK] AndroidManifest.xml:13:22-71
uses-permission#android.permission.USE_CREDENTIALS
ADDED from [:SalesforceSDK] AndroidManifest.xml:14:5-74
	android:name
		ADDED from [:SalesforceSDK] AndroidManifest.xml:14:22-71
uses-permission-sdk-23#android.permission.USE_FINGERPRINT
ADDED from [:SalesforceSDK] AndroidManifest.xml:19:5-81
	android:name
		ADDED from [:SalesforceSDK] AndroidManifest.xml:19:29-78
meta-data#android.content.APP_RESTRICTIONS
ADDED from [:SalesforceSDK] AndroidManifest.xml:24:9-26:56
	android:resource
		ADDED from [:SalesforceSDK] AndroidManifest.xml:26:13-53
	android:name
		ADDED from [:SalesforceSDK] AndroidManifest.xml:25:13-60
service#com.salesforce.androidsdk.auth.AuthenticatorService
ADDED from [:SalesforceSDK] AndroidManifest.xml:29:9-39:19
	android:exported
		ADDED from [:SalesforceSDK] AndroidManifest.xml:31:13-36
	android:name
		ADDED from [:SalesforceSDK] AndroidManifest.xml:30:13-79
intent-filter#android.accounts.AccountAuthenticator
ADDED from [:SalesforceSDK] AndroidManifest.xml:32:13-34:29
action#android.accounts.AccountAuthenticator
ADDED from [:SalesforceSDK] AndroidManifest.xml:33:17-80
	android:name
		ADDED from [:SalesforceSDK] AndroidManifest.xml:33:25-77
meta-data#android.accounts.AccountAuthenticator
ADDED from [:SalesforceSDK] AndroidManifest.xml:36:13-38:57
	android:resource
		ADDED from [:SalesforceSDK] AndroidManifest.xml:38:17-54
	android:name
		ADDED from [:SalesforceSDK] AndroidManifest.xml:37:17-69
activity#com.salesforce.androidsdk.ui.LoginActivity
ADDED from [:SalesforceSDK] AndroidManifest.xml:47:9-50:67
	android:launchMode
		ADDED from [:SalesforceSDK] AndroidManifest.xml:49:13-48
	android:theme
		ADDED from [:SalesforceSDK] AndroidManifest.xml:50:13-64
	android:name
		ADDED from [:SalesforceSDK] AndroidManifest.xml:48:13-70
activity#com.salesforce.androidsdk.ui.PasscodeActivity
ADDED from [:SalesforceSDK] AndroidManifest.xml:53:9-56:67
	android:exported
		ADDED from [:SalesforceSDK] AndroidManifest.xml:55:13-37
	android:theme
		ADDED from [:SalesforceSDK] AndroidManifest.xml:56:13-64
	android:name
		ADDED from [:SalesforceSDK] AndroidManifest.xml:54:13-73
activity#com.salesforce.androidsdk.ui.ManageSpaceActivity
ADDED from [:SalesforceSDK] AndroidManifest.xml:59:9-62:67
	android:excludeFromRecents
		ADDED from [:SalesforceSDK] AndroidManifest.xml:61:13-46
	android:theme
		ADDED from [:SalesforceSDK] AndroidManifest.xml:62:13-64
	android:name
		ADDED from [:SalesforceSDK] AndroidManifest.xml:60:13-76
activity#com.salesforce.androidsdk.ui.ServerPickerActivity
ADDED from [:SalesforceSDK] AndroidManifest.xml:65:9-68:67
	android:excludeFromRecents
		ADDED from [:SalesforceSDK] AndroidManifest.xml:67:13-46
	android:theme
		ADDED from [:SalesforceSDK] AndroidManifest.xml:68:13-64
	android:name
		ADDED from [:SalesforceSDK] AndroidManifest.xml:66:13-77
activity#com.salesforce.androidsdk.ui.AccountSwitcherActivity
ADDED from [:SalesforceSDK] AndroidManifest.xml:71:9-74:67
	android:excludeFromRecents
		ADDED from [:SalesforceSDK] AndroidManifest.xml:73:13-46
	android:theme
		ADDED from [:SalesforceSDK] AndroidManifest.xml:74:13-64
	android:name
		ADDED from [:SalesforceSDK] AndroidManifest.xml:72:13-80
activity#com.salesforce.androidsdk.auth.idp.IDPCodeGeneratorActivity
ADDED from [:SalesforceSDK] AndroidManifest.xml:77:9-81:67
	android:excludeFromRecents
		ADDED from [:SalesforceSDK] AndroidManifest.xml:79:13-46
	android:exported
		ADDED from [:SalesforceSDK] AndroidManifest.xml:80:13-37
	android:theme
		ADDED from [:SalesforceSDK] AndroidManifest.xml:81:13-64
	android:name
		ADDED from [:SalesforceSDK] AndroidManifest.xml:78:13-87
activity#com.salesforce.androidsdk.ui.DevInfoActivity
ADDED from [:SalesforceSDK] AndroidManifest.xml:84:9-87:67
	android:exported
		ADDED from [:SalesforceSDK] AndroidManifest.xml:86:13-37
	android:theme
		ADDED from [:SalesforceSDK] AndroidManifest.xml:87:13-64
	android:name
		ADDED from [:SalesforceSDK] AndroidManifest.xml:85:13-72
receiver#com.salesforce.androidsdk.auth.idp.IDPInititatedLoginReceiver
ADDED from [:SalesforceSDK] AndroidManifest.xml:90:9-98:20
	android:exported
		ADDED from [:SalesforceSDK] AndroidManifest.xml:92:13-36
	android:name
		ADDED from [:SalesforceSDK] AndroidManifest.xml:91:13-89
intent-filter#android.intent.category.DEFAULT+com.salesforce.IDP_LOGIN_REQUEST
ADDED from [:SalesforceSDK] AndroidManifest.xml:93:13-97:29
action#com.salesforce.IDP_LOGIN_REQUEST
ADDED from [:SalesforceSDK] AndroidManifest.xml:94:17-75
	android:name
		ADDED from [:SalesforceSDK] AndroidManifest.xml:94:25-72
category#android.intent.category.DEFAULT
ADDED from [:SalesforceSDK] AndroidManifest.xml:96:17-76
	android:name
		ADDED from [:SalesforceSDK] AndroidManifest.xml:96:27-73
service#com.salesforce.androidsdk.push.SFDCGcmListenerService
ADDED from [:SalesforceSDK] AndroidManifest.xml:116:9-122:19
	android:exported
		ADDED from [:SalesforceSDK] AndroidManifest.xml:118:13-37
	android:name
		ADDED from [:SalesforceSDK] AndroidManifest.xml:117:13-81
service#com.salesforce.androidsdk.push.SFDCInstanceIDListenerService
ADDED from [:SalesforceSDK] AndroidManifest.xml:123:9-129:19
	android:exported
		ADDED from [:SalesforceSDK] AndroidManifest.xml:125:13-37
	android:name
		ADDED from [:SalesforceSDK] AndroidManifest.xml:124:13-88
service#com.salesforce.androidsdk.push.SFDCRegistrationIntentService
ADDED from [:SalesforceSDK] AndroidManifest.xml:130:9-133:19
	android:exported
		ADDED from [:SalesforceSDK] AndroidManifest.xml:132:13-37
	android:name
		ADDED from [:SalesforceSDK] AndroidManifest.xml:131:13-88
receiver#com.salesforce.androidsdk.push.PushService$SFDCRegistrationRetryAlarmReceiver
ADDED from [:SalesforceSDK] AndroidManifest.xml:135:9-137:40
	android:exported
		ADDED from [:SalesforceSDK] AndroidManifest.xml:137:13-37
	android:name
		ADDED from [:SalesforceSDK] AndroidManifest.xml:136:13-105
service#com.salesforce.androidsdk.push.PushService
ADDED from [:SalesforceSDK] AndroidManifest.xml:139:9-141:40
	android:exported
		ADDED from [:SalesforceSDK] AndroidManifest.xml:141:13-37
	android:name
		ADDED from [:SalesforceSDK] AndroidManifest.xml:140:13-70
service#com.salesforce.androidsdk.analytics.AnalyticsPublisherService
ADDED from [:SalesforceSDK] AndroidManifest.xml:142:9-144:40
	android:exported
		ADDED from [:SalesforceSDK] AndroidManifest.xml:144:13-37
	android:name
		ADDED from [:SalesforceSDK] AndroidManifest.xml:143:13-89
activity#com.google.android.gms.common.api.GoogleApiActivity
ADDED from [com.google.android.gms:play-services-base:11.8.0] AndroidManifest.xml:23:9-26:75
	android:exported
		ADDED from [com.google.android.gms:play-services-base:11.8.0] AndroidManifest.xml:25:13-37
	android:theme